


WARNING 2015-05-05 23:00:36,865 
Module: views 
Function: StudentDetailView 
Message: Hey you. Pay attention! | student detail


ERROR 2015-05-05 23:00:36,865 
Module: views 
Function: StudentDetailView 
Message: Check again. There can be an error! | student detail


DEBUG 2015-05-05 23:01:44,728 
Module: views 
Function: StudentDetailView 
Message: Logging debug | student detail


INFO 2015-05-05 23:01:44,729 
Module: views 
Function: StudentDetailView 
Message: Some info.... | student detail


WARNING 2015-05-05 23:01:44,730 
Module: views 
Function: StudentDetailView 
Message: Hey you. Pay attention! | student detail


ERROR 2015-05-05 23:01:44,730 
Module: views 
Function: StudentDetailView 
Message: Check again. There can be an error! | student detail


WARNING 2015-05-05 23:11:05,428 
Module: views 
Function: StudentDetailView 
Message: Hey you. Pay attention! | student detail


ERROR 2015-05-05 23:11:05,428 
Module: views 
Function: StudentDetailView 
Message: Check again. There can be an error! | student detail


WARNING 2015-05-05 23:13:20,657 
Module: views 
Function: StudentDetailView 
Message: Hey you. Pay attention! | student detail


ERROR 2015-05-05 23:13:20,657 
Module: views 
Function: StudentDetailView 
Message: Check again. There can be an error! | student detail


WARNING 2015-05-05 23:13:32,718 
Module: views 
Function: StudentDetailView 
Message: Hey you. Pay attention! | student detail


ERROR 2015-05-05 23:13:32,718 
Module: views 
Function: StudentDetailView 
Message: Check again. There can be an error! | student detail


WARNING 2015-07-28 23:32:48,800 
Module: views 
Function: StudentDetailView 
Message: Hey you. Pay attention! | student detail


ERROR 2015-07-28 23:32:48,800 
Module: views 
Function: StudentDetailView 
Message: Check again. There can be an error! | student detail


WARNING 2015-07-29 00:13:06,770 
Module: views 
Function: StudentDetailView 
Message: Hey you. Pay attention! | student detail


ERROR 2015-07-29 00:13:06,770 
Module: views 
Function: StudentDetailView 
Message: Check again. There can be an error! | student detail


WARNING 2015-07-29 00:25:19,314 
Module: views 
Function: StudentDetailView 
Message: Hey you. Pay attention! | student detail


ERROR 2015-07-29 00:25:19,314 
Module: views 
Function: StudentDetailView 
Message: Check again. There can be an error! | student detail


WARNING 2015-07-29 01:08:49,794 
Module: views 
Function: StudentDetailView 
Message: Hey you. Pay attention! | student detail


ERROR 2015-07-29 01:08:49,827 
Module: views 
Function: StudentDetailView 
Message: Check again. There can be an error! | student detail


WARNING 2015-07-29 01:33:51,882 
Module: views 
Function: StudentDetailView 
Message: Hey you. Pay attention! | student detail


ERROR 2015-07-29 01:33:51,882 
Module: views 
Function: StudentDetailView 
Message: Check again. There can be an error! | student detail


WARNING 2015-08-07 13:49:50,251 
Module: views 
Function: StudentDetailView 
Message: Hey you. Pay attention! | student detail


ERROR 2015-08-07 13:49:50,261 
Module: views 
Function: StudentDetailView 
Message: Check again. There can be an error! | student detail


WARNING 2015-08-07 17:19:44,556 
Module: views 
Function: StudentDetailView 
Message: Hey you. Pay attention! | student detail


ERROR 2015-08-07 17:19:44,565 
Module: views 
Function: StudentDetailView 
Message: Check again. There can be an error! | student detail


WARNING 2015-08-08 18:24:09,054 
Module: views 
Function: StudentDetailView 
Message: Hey you. Pay attention! | student detail


ERROR 2015-08-08 18:24:09,073 
Module: views 
Function: StudentDetailView 
Message: Check again. There can be an error! | student detail


WARNING 2015-08-09 01:29:05,010 
Module: views 
Function: StudentDetailView 
Message: Hey you. Pay attention! | student detail


ERROR 2015-08-09 01:29:05,022 
Module: views 
Function: StudentDetailView 
Message: Check again. There can be an error! | student detail


WARNING 2015-08-09 03:39:15,767 
Module: views 
Function: StudentDetailView 
Message: Hey you. Pay attention! | student detail


ERROR 2015-08-09 03:39:15,777 
Module: views 
Function: StudentDetailView 
Message: Check again. There can be an error! | student detail


WARNING 2015-08-11 00:29:55,332 
Module: views 
Function: StudentDetailView 
Message: Hey you. Pay attention! | student detail


ERROR 2015-08-11 00:29:55,342 
Module: views 
Function: StudentDetailView 
Message: Check again. There can be an error! | student detail


WARNING 2015-08-11 05:45:11,708 
Module: views 
Function: StudentDetailView 
Message: Hey you. Pay attention! | student detail


ERROR 2015-08-11 05:45:11,718 
Module: views 
Function: StudentDetailView 
Message: Check again. There can be an error! | student detail


WARNING 2015-08-11 21:44:28,084 
Module: views 
Function: StudentDetailView 
Message: Hey you. Pay attention! | student detail


ERROR 2015-08-11 21:44:28,094 
Module: views 
Function: StudentDetailView 
Message: Check again. There can be an error! | student detail


WARNING 2015-08-11 22:56:16,621 
Module: views 
Function: StudentDetailView 
Message: Hey you. Pay attention! | student detail


ERROR 2015-08-11 22:56:16,621 
Module: views 
Function: StudentDetailView 
Message: Check again. There can be an error! | student detail


WARNING 2015-08-12 03:25:09,529 
Module: views 
Function: StudentDetailView 
Message: Hey you. Pay attention! | student detail


ERROR 2015-08-12 03:25:09,529 
Module: views 
Function: StudentDetailView 
Message: Check again. There can be an error! | student detail


WARNING 2015-08-12 17:36:20,447 
Module: views 
Function: StudentDetailView 
Message: Hey you. Pay attention! | student detail


ERROR 2015-08-12 17:36:20,490 
Module: views 
Function: StudentDetailView 
Message: Check again. There can be an error! | student detail


WARNING 2015-08-13 06:46:45,874 
Module: views 
Function: StudentDetailView 
Message: Hey you. Pay attention! | student detail


ERROR 2015-08-13 06:46:45,882 
Module: views 
Function: StudentDetailView 
Message: Check again. There can be an error! | student detail


WARNING 2015-08-13 07:03:29,677 
Module: views 
Function: StudentDetailView 
Message: Hey you. Pay attention! | student detail


ERROR 2015-08-13 07:03:29,677 
Module: views 
Function: StudentDetailView 
Message: Check again. There can be an error! | student detail


WARNING 2015-08-14 02:19:10,372 
Module: views 
Function: StudentDetailView 
Message: Hey you. Pay attention! | student detail


ERROR 2015-08-14 02:19:10,385 
Module: views 
Function: StudentDetailView 
Message: Check again. There can be an error! | student detail


WARNING 2015-08-14 05:29:54,787 
Module: views 
Function: StudentDetailView 
Message: Hey you. Pay attention! | student detail


ERROR 2015-08-14 05:29:54,787 
Module: views 
Function: StudentDetailView 
Message: Check again. There can be an error! | student detail


WARNING 2015-08-14 05:31:22,560 
Module: views 
Function: StudentDetailView 
Message: Hey you. Pay attention! | student detail


ERROR 2015-08-14 05:31:22,560 
Module: views 
Function: StudentDetailView 
Message: Check again. There can be an error! | student detail


WARNING 2015-08-14 05:32:15,473 
Module: views 
Function: StudentDetailView 
Message: Hey you. Pay attention! | student detail


ERROR 2015-08-14 05:32:15,473 
Module: views 
Function: StudentDetailView 
Message: Check again. There can be an error! | student detail


WARNING 2015-08-19 12:28:14,932 
Module: views 
Function: StudentDetailView 
Message: Hey you. Pay attention! | student detail


ERROR 2015-08-19 12:28:14,942 
Module: views 
Function: StudentDetailView 
Message: Check again. There can be an error! | student detail


WARNING 2015-08-19 18:50:24,534 
Module: views 
Function: StudentDetailView 
Message: Hey you. Pay attention! | student detail


ERROR 2015-08-19 18:50:24,546 
Module: views 
Function: StudentDetailView 
Message: Check again. There can be an error! | student detail


WARNING 2015-08-19 19:28:44,219 
Module: views 
Function: StudentDetailView 
Message: Hey you. Pay attention! | student detail


ERROR 2015-08-19 19:28:44,228 
Module: views 
Function: StudentDetailView 
Message: Check again. There can be an error! | student detail


WARNING 2015-08-19 23:42:39,601 
Module: views 
Function: StudentDetailView 
Message: Hey you. Pay attention! | student detail


ERROR 2015-08-19 23:42:39,616 
Module: views 
Function: StudentDetailView 
Message: Check again. There can be an error! | student detail


WARNING 2015-08-19 23:50:38,085 
Module: views 
Function: StudentDetailView 
Message: Hey you. Pay attention! | student detail


ERROR 2015-08-19 23:50:38,085 
Module: views 
Function: StudentDetailView 
Message: Check again. There can be an error! | student detail


WARNING 2015-08-19 23:57:31,013 
Module: views 
Function: StudentDetailView 
Message: Hey you. Pay attention! | student detail


ERROR 2015-08-19 23:57:31,013 
Module: views 
Function: StudentDetailView 
Message: Check again. There can be an error! | student detail


WARNING 2015-08-20 00:05:38,246 
Module: views 
Function: StudentDetailView 
Message: Hey you. Pay attention! | student detail


ERROR 2015-08-20 00:05:38,261 
Module: views 
Function: StudentDetailView 
Message: Check again. There can be an error! | student detail


WARNING 2015-08-20 00:06:18,180 
Module: views 
Function: StudentDetailView 
Message: Hey you. Pay attention! | student detail


ERROR 2015-08-20 00:06:18,181 
Module: views 
Function: StudentDetailView 
Message: Check again. There can be an error! | student detail


WARNING 2015-08-20 01:48:24,902 
Module: views 
Function: StudentDetailView 
Message: Hey you. Pay attention! | student detail


ERROR 2015-08-20 01:48:24,918 
Module: views 
Function: StudentDetailView 
Message: Check again. There can be an error! | student detail


WARNING 2015-08-20 16:15:45,091 
Module: views 
Function: StudentDetailView 
Message: Hey you. Pay attention! | student detail


ERROR 2015-08-20 16:15:45,091 
Module: views 
Function: StudentDetailView 
Message: Check again. There can be an error! | student detail


WARNING 2015-08-20 20:37:01,344 
Module: views 
Function: StudentDetailView 
Message: Hey you. Pay attention! | student detail


ERROR 2015-08-20 20:37:01,360 
Module: views 
Function: StudentDetailView 
Message: Check again. There can be an error! | student detail


